\BOOKMARK [1][-]{section.1}{\376\377\000I\000n\000t\000r\000o\000d\000u\000c\000t\000i\000o\000n}{}% 1
\BOOKMARK [1][-]{section.2}{\376\377\000P\000r\000e\000l\000i\000m\000i\000n\000a\000r\000y\000\040\000a\000n\000a\000l\000y\000s\000i\000s}{}% 2
\BOOKMARK [2][-]{subsection.2.1}{\376\377\000C\000o\000n\000t\000e\000x\000t}{section.2}% 3
\BOOKMARK [2][-]{subsection.2.2}{\376\377\000S\000t\000r\000u\000c\000t\000u\000r\000e}{section.2}% 4
\BOOKMARK [2][-]{subsection.2.3}{\376\377\000D\000o\000m\000a\000i\000n\000\040\000n\000a\000m\000e}{section.2}% 5
\BOOKMARK [1][-]{section.3}{\376\377\000H\000o\000m\000e\000p\000a\000g\000e}{}% 6
\BOOKMARK [2][-]{subsection.3.1}{\376\377\000G\000e\000n\000e\000r\000a\000l\000\040\000d\000e\000s\000c\000r\000i\000p\000t\000i\000o\000n}{section.3}% 7
\BOOKMARK [2][-]{subsection.3.2}{\376\377\000T\000h\000e\000\040\000S\000i\000x\000\040\000W\000s}{section.3}% 8
\BOOKMARK [3][-]{subsubsection.3.2.1}{\376\377\000W\000h\000e\000r\000e\000?}{subsection.3.2}% 9
\BOOKMARK [3][-]{subsubsection.3.2.2}{\376\377\000W\000h\000o\000?}{subsection.3.2}% 10
\BOOKMARK [3][-]{subsubsection.3.2.3}{\376\377\000W\000h\000y\000?}{subsection.3.2}% 11
\BOOKMARK [3][-]{subsubsection.3.2.4}{\376\377\000W\000h\000a\000t\000?}{subsection.3.2}% 12
\BOOKMARK [3][-]{subsubsection.3.2.5}{\376\377\000W\000h\000e\000n\000?}{subsection.3.2}% 13
\BOOKMARK [3][-]{subsubsection.3.2.6}{\376\377\000H\000o\000w\000?}{subsection.3.2}% 14
\BOOKMARK [4][-]{paragraph.3.2.6.1}{\376\377\000M\000e\000n\000u}{subsubsection.3.2.6}% 15
\BOOKMARK [1][-]{section.4}{\376\377\000C\000o\000n\000t\000e\000n\000t}{}% 16
\BOOKMARK [2][-]{subsection.4.1}{\376\377\000S\000h\000o\000p}{section.4}% 17
\BOOKMARK [2][-]{subsection.4.2}{\376\377\000S\000e\000a\000r\000c\000h}{section.4}% 18
\BOOKMARK [3][-]{subsubsection.4.2.1}{\376\377\000I\000t\000e\000m}{subsection.4.2}% 19
\BOOKMARK [3][-]{subsubsection.4.2.2}{\376\377\000N\000o\000\040\000r\000e\000s\000u\000l\000t\000s}{subsection.4.2}% 20
\BOOKMARK [2][-]{subsection.4.3}{\376\377\0004\0000\0004}{section.4}% 21
\BOOKMARK [2][-]{subsection.4.4}{\376\377\000P\000r\000o\000d\000u\000c\000t}{section.4}% 22
\BOOKMARK [3][-]{subsubsection.4.4.1}{\376\377\000T\000h\000e\000\040\000S\000i\000x\000\040\000W\000s}{subsection.4.4}% 23
\BOOKMARK [4][-]{paragraph.4.4.1.1}{\376\377\000W\000h\000e\000r\000e}{subsubsection.4.4.1}% 24
\BOOKMARK [4][-]{paragraph.4.4.1.2}{\376\377\000W\000h\000o}{subsubsection.4.4.1}% 25
\BOOKMARK [4][-]{paragraph.4.4.1.3}{\376\377\000W\000h\000a\000t}{subsubsection.4.4.1}% 26
\BOOKMARK [4][-]{paragraph.4.4.1.4}{\376\377\000W\000h\000e\000n}{subsubsection.4.4.1}% 27
\BOOKMARK [4][-]{paragraph.4.4.1.5}{\376\377\000W\000h\000y}{subsubsection.4.4.1}% 28
\BOOKMARK [4][-]{paragraph.4.4.1.6}{\376\377\000H\000o\000w}{subsubsection.4.4.1}% 29
\BOOKMARK [1][-]{section.5}{\376\377\000A\000d\000v\000e\000r\000t\000i\000s\000i\000n\000g}{}% 30
\BOOKMARK [1][-]{section.6}{\376\377\000C\000o\000n\000c\000l\000u\000s\000i\000o\000n}{}% 31
\BOOKMARK [1][-]{section.7}{\376\377\000P\000i\000c\000t\000u\000r\000e\000s}{}% 32
